<?xml version="1.0" encoding="UTF-8"?>
<!-- Generated by org.testng.reporters.JUnitXMLReporter -->
<testsuite hostname="t3" name="Test" tests="1" failures="1" timestamp="16 Apr 2018 05:57:11 GMT" time="21.37" errors="0">
  <testcase name="addstaff" time="19.997" classname="com.TestCases.Tc_01_Addstaff">
    <failure type="org.openqa.selenium.NoSuchElementException" message="Unable to locate element: {&amp;quot;method&amp;quot;:&amp;quot;xpath&amp;quot;,&amp;quot;selector&amp;quot;:&amp;quot;//table[1]/tbody/tr/td[text()=&amp;apos;vijay&amp;apos;]/following-sibling::td[7][text()=&amp;apos;abcd@gmail.com&amp;apos;]/preceding-sibling::td[8]/input&amp;quot;}
Command duration or timeout: 94 milliseconds
For documentation on this error, please visit: http://seleniumhq.org/exceptions/no_such_element.html
Build info: version: &amp;apos;2.53.0&amp;apos;, revision: &amp;apos;35ae25b&amp;apos;, time: &amp;apos;2016-03-15 16:57:40&amp;apos;
System info: host: &amp;apos;t3&amp;apos;, ip: &amp;apos;192.168.0.11&amp;apos;, os.name: &amp;apos;Windows 7&amp;apos;, os.arch: &amp;apos;amd64&amp;apos;, os.version: &amp;apos;6.1&amp;apos;, java.version: &amp;apos;1.8.0_151&amp;apos;
Driver info: org.openqa.selenium.firefox.FirefoxDriver
Capabilities [{applicationCacheEnabled=true, rotatable=false, handlesAlerts=true, databaseEnabled=true, version=35.0.1, platform=WINDOWS, nativeEvents=false, acceptSslCerts=true, webStorageEnabled=true, locationContextEnabled=true, browserName=firefox, takesScreenshot=true, javascriptEnabled=true, cssSelectorsEnabled=true}]
Session ID: 59de3330-ea99-40bd-89bd-f1cdc7338a90
*** Element info: {Using=xpath, value=//table[1]/tbody/tr/td[text()=&amp;apos;vijay&amp;apos;]/following-sibling::td[7][text()=&amp;apos;abcd@gmail.com&amp;apos;]/preceding-sibling::td[8]/input}">
      <![CDATA[org.openqa.selenium.NoSuchElementException: Unable to locate element: {"method":"xpath","selector":"//table[1]/tbody/tr/td[text()='vijay']/following-sibling::td[7][text()='abcd@gmail.com']/preceding-sibling::td[8]/input"}
Command duration or timeout: 94 milliseconds
For documentation on this error, please visit: http://seleniumhq.org/exceptions/no_such_element.html
Build info: version: '2.53.0', revision: '35ae25b', time: '2016-03-15 16:57:40'
System info: host: 't3', ip: '192.168.0.11', os.name: 'Windows 7', os.arch: 'amd64', os.version: '6.1', java.version: '1.8.0_151'
Driver info: org.openqa.selenium.firefox.FirefoxDriver
Capabilities [{applicationCacheEnabled=true, rotatable=false, handlesAlerts=true, databaseEnabled=true, version=35.0.1, platform=WINDOWS, nativeEvents=false, acceptSslCerts=true, webStorageEnabled=true, locationContextEnabled=true, browserName=firefox, takesScreenshot=true, javascriptEnabled=true, cssSelectorsEnabled=true}]
Session ID: 59de3330-ea99-40bd-89bd-f1cdc7338a90
*** Element info: {Using=xpath, value=//table[1]/tbody/tr/td[text()='vijay']/following-sibling::td[7][text()='abcd@gmail.com']/preceding-sibling::td[8]/input}
	at org.openqa.selenium.remote.ErrorHandler.createThrowable(ErrorHandler.java:206)
	at org.openqa.selenium.remote.ErrorHandler.throwIfResponseFailed(ErrorHandler.java:158)
	at org.openqa.selenium.remote.RemoteWebDriver.execute(RemoteWebDriver.java:678)
	at org.openqa.selenium.remote.RemoteWebDriver.findElement(RemoteWebDriver.java:363)
	at org.openqa.selenium.remote.RemoteWebDriver.findElementByXPath(RemoteWebDriver.java:500)
	at org.openqa.selenium.By$ByXPath.findElement(By.java:361)
	at org.openqa.selenium.remote.RemoteWebDriver.findElement(RemoteWebDriver.java:355)
	at com.GenericFunctions.GenericFunctions.deletecustomer(GenericFunctions.java:365)
	at com.ScreenFunctions.DeleteCustomer.deletecustomer(DeleteCustomer.java:59)
	at com.TestCases.Tc_01_Addstaff.addstaff(Tc_01_Addstaff.java:33)
Caused by: org.openqa.selenium.NoSuchElementException: Unable to locate element: {"method":"xpath","selector":"//table[1]/tbody/tr/td[text()='vijay']/following-sibling::td[7][text()='abcd@gmail.com']/preceding-sibling::td[8]/input"}
For documentation on this error, please visit: http://seleniumhq.org/exceptions/no_such_element.html
Build info: version: '2.53.0', revision: '35ae25b', time: '2016-03-15 16:57:40'
System info: host: 't3', ip: '192.168.0.11', os.name: 'Windows 7', os.arch: 'amd64', os.version: '6.1', java.version: '1.8.0_151'
Driver info: driver.version: unknown
	at <anonymous class>.FirefoxDriver.prototype.findElementInternal_(file:///C:/Users/tm/AppData/Local/Temp/anonymous6403320386459177760webdriver-profile/extensions/fxdriver@googlecode.com/components/driver-component.js:10770)
	at <anonymous class>.FirefoxDriver.prototype.findElement(file:///C:/Users/tm/AppData/Local/Temp/anonymous6403320386459177760webdriver-profile/extensions/fxdriver@googlecode.com/components/driver-component.js:10779)
	at <anonymous class>.DelayedCommand.prototype.executeInternal_/h(file:///C:/Users/tm/AppData/Local/Temp/anonymous6403320386459177760webdriver-profile/extensions/fxdriver@googlecode.com/components/command-processor.js:12661)
	at <anonymous class>.DelayedCommand.prototype.executeInternal_(file:///C:/Users/tm/AppData/Local/Temp/anonymous6403320386459177760webdriver-profile/extensions/fxdriver@googlecode.com/components/command-processor.js:12666)
	at <anonymous class>.DelayedCommand.prototype.execute/<(file:///C:/Users/tm/AppData/Local/Temp/anonymous6403320386459177760webdriver-profile/extensions/fxdriver@googlecode.com/components/command-processor.js:12608)
... Removed 28 stack frames]]>
    </failure>
  </testcase> <!-- addstaff -->
</testsuite> <!-- Test -->
